Compiled jquery.js  (25ms)  (pid 11790)
Compiled jquery_ujs.js  (0ms)  (pid 11790)
Compiled archives.js  (57ms)  (pid 11790)
Compiled bootstrap-datepicker.js  (0ms)  (pid 11790)
Compiled bootstrap.js  (1ms)  (pid 11790)
Compiled categories.js  (1ms)  (pid 11790)
Compiled contatos.js  (0ms)  (pid 11790)
Compiled posts.js  (5ms)  (pid 11790)
Compiled jquery.pjax.js  (0ms)  (pid 11790)
Compiled fancyzoom/jquery.fancyzoom.js  (0ms)  (pid 11790)
Compiled twitter/bootstrap/bootstrap-transition.js  (0ms)  (pid 11790)
Compiled twitter/bootstrap/bootstrap-alert.js  (0ms)  (pid 11790)
Compiled twitter/bootstrap/bootstrap-modal.js  (0ms)  (pid 11790)
Compiled twitter/bootstrap/bootstrap-dropdown.js  (0ms)  (pid 11790)
Compiled twitter/bootstrap/bootstrap-scrollspy.js  (0ms)  (pid 11790)
Compiled twitter/bootstrap/bootstrap-tab.js  (0ms)  (pid 11790)
Compiled twitter/bootstrap/bootstrap-tooltip.js  (0ms)  (pid 11790)
Compiled twitter/bootstrap/bootstrap-popover.js  (0ms)  (pid 11790)
Compiled twitter/bootstrap/bootstrap-button.js  (0ms)  (pid 11790)
Compiled twitter/bootstrap/bootstrap-collapse.js  (0ms)  (pid 11790)
Compiled twitter/bootstrap/bootstrap-carousel.js  (0ms)  (pid 11790)
Compiled twitter/bootstrap/bootstrap-typeahead.js  (0ms)  (pid 11790)
Compiled twitter/bootstrap.js  (103ms)  (pid 11790)
Compiled application.js  (328ms)  (pid 11790)
Compiled jquery.fileupload-ui.css  (0ms)  (pid 11790)
Compiled bootstrap_and_overrides.css  (554ms)  (pid 11790)
Compiled jquery.js  (5ms)  (pid 11812)
Compiled jquery_ujs.js  (0ms)  (pid 11812)
Compiled archives.js  (57ms)  (pid 11812)
Compiled bootstrap-datepicker.js  (0ms)  (pid 11812)
Compiled bootstrap.js  (1ms)  (pid 11812)
Compiled categories.js  (1ms)  (pid 11812)
Compiled contatos.js  (0ms)  (pid 11812)
Compiled posts.js  (5ms)  (pid 11812)
Compiled jquery.pjax.js  (0ms)  (pid 11812)
Compiled fancyzoom/jquery.fancyzoom.js  (0ms)  (pid 11812)
Compiled twitter/bootstrap/bootstrap-transition.js  (0ms)  (pid 11812)
Compiled twitter/bootstrap/bootstrap-alert.js  (0ms)  (pid 11812)
Compiled twitter/bootstrap/bootstrap-modal.js  (0ms)  (pid 11812)
Compiled twitter/bootstrap/bootstrap-dropdown.js  (0ms)  (pid 11812)
Compiled twitter/bootstrap/bootstrap-scrollspy.js  (0ms)  (pid 11812)
Compiled twitter/bootstrap/bootstrap-tab.js  (0ms)  (pid 11812)
Compiled twitter/bootstrap/bootstrap-tooltip.js  (0ms)  (pid 11812)
Compiled twitter/bootstrap/bootstrap-popover.js  (0ms)  (pid 11812)
Compiled twitter/bootstrap/bootstrap-button.js  (0ms)  (pid 11812)
Compiled twitter/bootstrap/bootstrap-collapse.js  (0ms)  (pid 11812)
Compiled twitter/bootstrap/bootstrap-carousel.js  (0ms)  (pid 11812)
Compiled twitter/bootstrap/bootstrap-typeahead.js  (0ms)  (pid 11812)
Compiled twitter/bootstrap.js  (102ms)  (pid 11812)
Compiled application.js  (286ms)  (pid 11812)
Compiled jquery.fileupload-ui.css  (0ms)  (pid 11812)
Compiled bootstrap_and_overrides.css  (560ms)  (pid 11812)
Compiled datepicker.css  (0ms)  (pid 11812)
Compiled style.css  (0ms)  (pid 11812)
Compiled application.css  (627ms)  (pid 11812)
Compiled jquery.fileupload-ui.js  (0ms)  (pid 11812)
Compiled jquery.fileupload.js  (0ms)  (pid 11812)
Compiled jquery.gritter.js  (0ms)  (pid 11812)
Compiled jquery.iframe-transport.js  (0ms)  (pid 11812)
Compiled jquery.ui.widget.js  (0ms)  (pid 11812)
Compiled jquery.js  (5ms)  (pid 11812)
Compiled jquery_ujs.js  (0ms)  (pid 11812)
Compiled archives.js  (55ms)  (pid 11812)
Compiled bootstrap-datepicker.js  (0ms)  (pid 11812)
Compiled bootstrap.js  (1ms)  (pid 11812)
Compiled categories.js  (1ms)  (pid 11812)
Compiled contatos.js  (0ms)  (pid 11812)
Compiled posts.js  (5ms)  (pid 11812)
Compiled jquery.pjax.js  (0ms)  (pid 11812)
Compiled fancyzoom/jquery.fancyzoom.js  (0ms)  (pid 11812)
Compiled twitter/bootstrap/bootstrap-transition.js  (0ms)  (pid 11812)
Compiled twitter/bootstrap/bootstrap-alert.js  (0ms)  (pid 11812)
Compiled twitter/bootstrap/bootstrap-modal.js  (0ms)  (pid 11812)
Compiled twitter/bootstrap/bootstrap-dropdown.js  (0ms)  (pid 11812)
Compiled twitter/bootstrap/bootstrap-scrollspy.js  (0ms)  (pid 11812)
Compiled twitter/bootstrap/bootstrap-tab.js  (0ms)  (pid 11812)
Compiled twitter/bootstrap/bootstrap-tooltip.js  (0ms)  (pid 11812)
Compiled twitter/bootstrap/bootstrap-popover.js  (0ms)  (pid 11812)
Compiled twitter/bootstrap/bootstrap-button.js  (0ms)  (pid 11812)
Compiled twitter/bootstrap/bootstrap-collapse.js  (0ms)  (pid 11812)
Compiled twitter/bootstrap/bootstrap-carousel.js  (0ms)  (pid 11812)
Compiled twitter/bootstrap/bootstrap-typeahead.js  (0ms)  (pid 11812)
Compiled twitter/bootstrap.js  (99ms)  (pid 11812)
Compiled application.js  (279ms)  (pid 11812)
Compiled jquery.fileupload-ui.css  (0ms)  (pid 11812)
Compiled bootstrap_and_overrides.css  (546ms)  (pid 11812)
Compiled datepicker.css  (0ms)  (pid 11812)
Compiled style.css  (0ms)  (pid 11812)
Compiled application.css  (567ms)  (pid 11812)
Compiled jquery.fileupload-ui.js  (0ms)  (pid 11812)
Compiled jquery.fileupload.js  (0ms)  (pid 11812)
Compiled jquery.gritter.js  (0ms)  (pid 11812)
Compiled jquery.iframe-transport.js  (0ms)  (pid 11812)
Compiled jquery.ui.widget.js  (0ms)  (pid 11812)
